<?xml version="1.0" encoding="UTF-8"?>
<testsuite name="org.tektutor.MobileTest" time="0.181" tests="2" errors="0" skipped="0" failures="2">
  <properties>
[...]
</properties>
  <testcase name="testPowerOnWhenCameraFunctionsAbnormally" classname="org.tektutor.MobileTest" time="0.175">
    <failure message="Expected exception: org.tektutor.CameraFailureException" type="java.lang.AssertionError">java.lang.AssertionError: Expected exception: org.tektutor.CameraFailureException
	at org.junit.internal.runners.statements.ExpectException.evaluate(ExpectException.java:32)
	at org.junit.runners.ParentRunner.runLeaf(ParentRunner.java:325)
	at org.junit.runners.BlockJUnit4ClassRunner.runChild(BlockJUnit4ClassRunner.java:78)
	at org.junit.runners.BlockJUnit4ClassRunner.runChild(BlockJUnit4ClassRunner.java:57)
	at org.junit.runners.ParentRunner$3.run(ParentRunner.java:290)
	at org.junit.runners.ParentRunner$1.schedule(ParentRunner.java:71)
	at org.junit.runners.ParentRunner.runChildren(ParentRunner.java:288)
	at org.junit.runners.ParentRunner.access$000(ParentRunner.java:58)
	at org.junit.runners.ParentRunner$2.evaluate(ParentRunner.java:268)
	at org.junit.runners.ParentRunner.run(ParentRunner.java:363)
	at org.apache.maven.surefire.junit4.JUnit4Provider.execute(JUnit4Provider.java:264)
	at org.apache.maven.surefire.junit4.JUnit4Provider.executeTestSet(JUnit4Provider.java:153)
	at org.apache.maven.surefire.junit4.JUnit4Provider.invoke(JUnit4Provider.java:124)
	at org.apache.maven.surefire.booter.ForkedBooter.invokeProviderInSameClassLoader(ForkedBooter.java:200)
	at org.apache.maven.surefire.booter.ForkedBooter.runSuitesInProcess(ForkedBooter.java:153)
	at org.apache.maven.surefire.booter.ForkedBooter.main(ForkedBooter.java:103)
</failure>
    <system-out><![CDATA[Mobile powerOn method invoked ...
Some complex power ON positive path ...
]]></system-out>
  </testcase>
  <testcase name="testPowerOnWhenCameraFunctionNormally" classname="org.tektutor.MobileTest" time="0.006">
    <failure message="&#10;Wanted but not invoked:&#10;camera.ON();&#10;-&gt; at org.tektutor.MobileTest.testPowerOnWhenCameraFunctionNormally(MobileTest.java:21)&#10;Actually, there were zero interactions with this mock.&#10;" type="org.mockito.exceptions.verification.WantedButNotInvoked">org.mockito.exceptions.verification.WantedButNotInvoked: 
Wanted but not invoked:
camera.ON();
-> at org.tektutor.MobileTest.testPowerOnWhenCameraFunctionNormally(MobileTest.java:21)
Actually, there were zero interactions with this mock.

	at org.tektutor.MobileTest.testPowerOnWhenCameraFunctionNormally(MobileTest.java:21)
</failure>
    <system-out><![CDATA[Mobile powerOn method invoked ...
Some complex power ON positive path ...
]]></system-out>
  </testcase>
</testsuite>